mode: set
github.com/varuns-zop/movie/Controllers/movies.go:14.26,19.2 4 0
github.com/varuns-zop/movie/Controllers/movies.go:21.59,25.2 3 1
github.com/varuns-zop/movie/Controllers/movies.go:27.65,33.31 3 1
github.com/varuns-zop/movie/Controllers/movies.go:41.2,42.33 2 0
github.com/varuns-zop/movie/Controllers/movies.go:33.31,34.31 1 1
github.com/varuns-zop/movie/Controllers/movies.go:34.31,39.4 4 1
github.com/varuns-zop/movie/Controllers/movies.go:45.58,49.19 2 1
github.com/varuns-zop/movie/Controllers/movies.go:55.2,57.21 3 1
github.com/varuns-zop/movie/Controllers/movies.go:66.2,73.8 6 1
github.com/varuns-zop/movie/Controllers/movies.go:49.19,52.3 2 0
github.com/varuns-zop/movie/Controllers/movies.go:57.21,61.3 3 0
github.com/varuns-zop/movie/Controllers/movies.go:76.60,81.35 3 1
github.com/varuns-zop/movie/Controllers/movies.go:94.2,96.8 3 0
github.com/varuns-zop/movie/Controllers/movies.go:81.35,82.31 1 1
github.com/varuns-zop/movie/Controllers/movies.go:82.31,92.4 9 1
github.com/varuns-zop/movie/Controllers/movies.go:100.62,106.35 3 1
github.com/varuns-zop/movie/Controllers/movies.go:106.35,107.31 1 1
github.com/varuns-zop/movie/Controllers/movies.go:107.31,111.9 4 1
