mode: set
github.com/varuns-zop/movie/Middlewares/helper.go:9.32,10.16 1 0
github.com/varuns-zop/movie/Middlewares/helper.go:10.16,11.13 1 0
github.com/varuns-zop/movie/Middlewares/helper.go:15.65,16.39 1 1
github.com/varuns-zop/movie/Middlewares/helper.go:16.39,18.3 1 0
github.com/varuns-zop/movie/Middlewares/helper.go:18.8,20.3 1 1
github.com/varuns-zop/movie/Middlewares/helper.go:23.42,24.16 1 1
github.com/varuns-zop/movie/Middlewares/helper.go:24.16,26.3 1 0
github.com/varuns-zop/movie/Middlewares/store.go:16.35,18.2 1 1
github.com/varuns-zop/movie/Middlewares/store.go:20.71,25.16 3 1
github.com/varuns-zop/movie/Middlewares/store.go:29.2,30.22 2 1
github.com/varuns-zop/movie/Middlewares/store.go:34.2,35.14 2 1
github.com/varuns-zop/movie/Middlewares/store.go:39.2,41.95 2 1
github.com/varuns-zop/movie/Middlewares/store.go:44.2,44.15 1 1
github.com/varuns-zop/movie/Middlewares/store.go:25.16,27.3 1 0
github.com/varuns-zop/movie/Middlewares/store.go:30.22,32.3 1 0
github.com/varuns-zop/movie/Middlewares/store.go:35.14,37.3 1 0
github.com/varuns-zop/movie/Middlewares/store.go:41.95,43.3 1 0
github.com/varuns-zop/movie/Middlewares/store.go:47.101,52.19 3 1
github.com/varuns-zop/movie/Middlewares/store.go:56.2,58.95 2 1
github.com/varuns-zop/movie/Middlewares/store.go:63.2,63.15 1 1
github.com/varuns-zop/movie/Middlewares/store.go:52.19,54.3 1 0
github.com/varuns-zop/movie/Middlewares/store.go:58.95,61.3 2 0
github.com/varuns-zop/movie/Middlewares/store.go:66.91,70.19 2 1
github.com/varuns-zop/movie/Middlewares/store.go:73.2,73.103 1 1
github.com/varuns-zop/movie/Middlewares/store.go:70.19,72.3 1 1
github.com/varuns-zop/movie/Middlewares/store.go:76.56,80.21 3 1
github.com/varuns-zop/movie/Middlewares/store.go:84.2,85.18 2 1
github.com/varuns-zop/movie/Middlewares/store.go:92.2,92.20 1 1
github.com/varuns-zop/movie/Middlewares/store.go:80.21,82.3 1 0
github.com/varuns-zop/movie/Middlewares/store.go:85.18,86.96 1 1
github.com/varuns-zop/movie/Middlewares/store.go:89.3,89.29 1 1
github.com/varuns-zop/movie/Middlewares/store.go:86.96,88.4 1 0
